2025-10-12 09:26:31,150 - INFO - Checking project status...
2025-10-12 09:32:12,656 - INFO - Checking project status...
2025-10-12 09:33:08,699 - INFO - Starting development mode...
2025-10-12 09:33:08,699 - INFO - Starting web server on port 8000...
2025-10-12 09:36:02,217 - INFO - Starting web server only...
2025-10-12 09:36:02,217 - INFO - Starting web server on port 8000...
2025-10-12 09:36:04,272 - INFO - [OK] Web server started on http://localhost:8000
2025-10-12 09:36:04,377 - INFO - [OK] Browser opened to http://localhost:8000/index.html
2025-10-12 09:36:04,398 - INFO - [OK] Browser opened to http://localhost/innostart/
2025-10-12 09:42:31,083 - INFO - Starting web server only...
2025-10-12 09:42:31,083 - INFO - Starting web server on port 8000...
2025-10-12 09:42:33,122 - INFO - [OK] Web server started on http://localhost:8000
2025-10-12 09:42:33,257 - INFO - [OK] Browser opened to http://localhost:8000/index.html
2025-10-12 09:42:33,282 - INFO - [OK] Browser opened to http://localhost/innostart/
2025-10-12 09:44:06,685 - INFO - Checking project status...
2025-10-12 09:49:00,255 - INFO - Checking project status...
2025-10-12 11:00:40,523 - INFO - Checking project status...
2025-10-12 11:00:47,377 - INFO - Starting development mode...
2025-10-12 11:00:47,377 - INFO - Starting web server on port 8000...
2025-10-12 11:00:49,403 - INFO - [OK] Web server started on http://localhost:8000
2025-10-12 11:00:49,525 - INFO - [OK] Browser opened to http://localhost:8000/index.html
2025-10-12 11:00:49,544 - INFO - [OK] Browser opened to http://localhost/innostart/
2025-10-12 11:19:33,010 - INFO - Development mode stopped by user
2025-10-12 11:19:33,010 - INFO - Stopping web server...
2025-10-12 11:19:33,014 - INFO - [OK] Web server stopped
2025-10-12 11:19:35,372 - INFO - Starting development mode...
2025-10-12 11:19:35,372 - INFO - Starting web server on port 8000...
2025-10-12 11:19:37,397 - INFO - [OK] Web server started on http://localhost:8000
2025-10-12 11:19:37,541 - INFO - [OK] Browser opened to http://localhost:8000/index.html
2025-10-12 11:19:37,618 - INFO - [OK] Browser opened to http://localhost/innostart/
2025-10-12 11:31:21,700 - INFO - Development mode stopped by user
2025-10-12 11:31:21,701 - INFO - Stopping web server...
2025-10-12 11:31:21,704 - INFO - [OK] Web server stopped
2025-10-12 11:31:22,888 - INFO - Starting development mode...
2025-10-12 11:31:22,888 - INFO - Starting web server on port 8000...
2025-10-12 11:31:24,918 - INFO - [OK] Web server started on http://localhost:8000
2025-10-12 11:31:25,046 - INFO - [OK] Browser opened to http://localhost:8000/index.html
2025-10-12 11:31:25,068 - INFO - [OK] Browser opened to http://localhost/innostart/
2025-10-12 13:21:37,971 - INFO - Development mode stopped by user
2025-10-12 13:21:37,976 - INFO - Stopping web server...
2025-10-12 13:21:37,979 - INFO - [OK] Web server stopped
2025-10-12 13:23:29,994 - INFO - Starting development mode...
2025-10-12 13:23:29,994 - INFO - Starting web server on port 8000...
2025-10-12 13:23:32,021 - INFO - [OK] Web server started on http://localhost:8000
2025-10-12 13:23:32,132 - INFO - [OK] Browser opened to http://localhost:8000/index.html
2025-10-12 13:23:32,151 - INFO - [OK] Browser opened to http://localhost/innostart/
2025-10-12 14:01:04,885 - INFO - Development mode stopped by user
2025-10-12 14:01:04,886 - INFO - Stopping web server...
2025-10-12 14:01:04,889 - INFO - [OK] Web server stopped
2025-10-12 14:01:06,192 - INFO - Starting development mode...
2025-10-12 14:01:06,193 - INFO - Starting web server on port 8000...
2025-10-12 14:01:08,234 - INFO - [OK] Web server started on http://localhost:8000
2025-10-12 14:01:08,381 - INFO - [OK] Browser opened to http://localhost:8000/index.html
2025-10-12 14:01:08,401 - INFO - [OK] Browser opened to http://localhost/innostart/
